<?xml version="1.0" encoding="UTF-8"?>
<!-- Generated by org.testng.reporters.JUnitReportReporter -->
<testsuite hostname="agrewal1021" failures="0" tests="2" name="Allure.AllureDemoJAVA11.HNBLoginAndroid" time="2.932" errors="1" timestamp="2024-04-29T10:32:51 EDT" skipped="1">
  <testcase classname="Allure.AllureDemoJAVA11.HNBLoginAndroid" name="Login" time="0.000">
    <skipped/>
  </testcase> <!-- Login -->
  <system-out/>
  <testcase classname="Allure.AllureDemoJAVA11.HNBLoginAndroid" name="setup" time="2.932">
    <error message="Could not start a new session. Response code 500. Message: Failed to execute command handset open: Cannot open device R5CX20X2DRX for user ajaydeepg@perfectomobile.onmicrosoft.com, device is in use. 
Host info: host: &#039;agrewal1021&#039;, ip: &#039;fe80:0:0:0:7c:8802:45d9:5071%en0&#039;
Build info: version: &#039;4.20.0&#039;, revision: &#039;866c76ca80&#039;
System info: os.name: &#039;Mac OS X&#039;, os.arch: &#039;x86_64&#039;, os.version: &#039;10.16&#039;, java.version: &#039;12.0.2&#039;
Driver info: io.appium.java_client.android.AndroidDriver
Command: [null, newSession {capabilities=[{perfecto:options={securityToken=eyJhbGciOiJIUzI1NiIsInR5cCIgOiAiSldUIiwia2lkIiA6ICI2OTY1N2UxZi1iM2M3LTQ0M2EtODg1Ny03MDUyMDZjZGRiYzkifQ.eyJpYXQiOjE3MTM3OTI5MDIsImp0aSI6IjU4ODY4MzQzLTkzNjctNDhjZS05NzBiLTY3NjEwNDkwMmVhYiIsImlzcyI6Imh0dHBzOi8vYXV0aC5wZXJmZWN0b21vYmlsZS5jb20vYXV0aC9yZWFsbXMvaG5iLXBlcmZlY3RvbW9iaWxlLWNvbSIsImF1ZCI6Imh0dHBzOi8vYXV0aC5wZXJmZWN0b21vYmlsZS5jb20vYXV0aC9yZWFsbXMvaG5iLXBlcmZlY3RvbW9iaWxlLWNvbSIsInN1YiI6IjhkODcyZTk0LTYzMTQtNDY2My1hM2M1LTc5ZDRkNWZmYjQzNiIsInR5cCI6Ik9mZmxpbmUiLCJhenAiOiJvZmZsaW5lLXRva2VuLWdlbmVyYXRvciIsIm5vbmNlIjoiMDlhNzExYTAtMDU3My00NDE0LWJiNWItNDU5NGFmYWUyZjIxIiwic2Vzc2lvbl9zdGF0ZSI6ImNhZThlZDVlLTFjYTAtNGFmMi1iZWIxLWM2ZDVmZjZmMTdiYyIsInNjb3BlIjoib3BlbmlkIG9mZmxpbmVfYWNjZXNzIn0.PQN_fE2xc2meh7vWEuuIp1PBk_zUPn4jNRS5ULBkNkk, deviceName=R5CX20X2DRX}, platformName=ANDROID, appium:automationName=UIAutomator2, appium:appPackage=com.huntington.mbusinessonline.test}], desiredCapabilities=Capabilities {appium:appPackage: com.huntington.mbusinessonl..., appium:automationName: UIAutomator2, perfecto:options: {deviceName: R5CX20X2DRX, securityToken: eyJhbGciOiJIUzI1NiIsInR5cCI...}, platformName: ANDROID}}]
Capabilities {appium:appPackage: com.huntington.mbusinessonl..., appium:automationName: UIAutomator2, perfecto:options: {deviceName: R5CX20X2DRX, securityToken: eyJhbGciOiJIUzI1NiIsInR5cCI...}, platformName: ANDROID}" type="org.openqa.selenium.SessionNotCreatedException">
      <![CDATA[org.openqa.selenium.SessionNotCreatedException: Could not start a new session. Response code 500. Message: Failed to execute command handset open: Cannot open device R5CX20X2DRX for user ajaydeepg@perfectomobile.onmicrosoft.com, device is in use. 
Host info: host: 'agrewal1021', ip: 'fe80:0:0:0:7c:8802:45d9:5071%en0'
Build info: version: '4.20.0', revision: '866c76ca80'
System info: os.name: 'Mac OS X', os.arch: 'x86_64', os.version: '10.16', java.version: '12.0.2'
Driver info: io.appium.java_client.android.AndroidDriver
Command: [null, newSession {capabilities=[{perfecto:options={securityToken=eyJhbGciOiJIUzI1NiIsInR5cCIgOiAiSldUIiwia2lkIiA6ICI2OTY1N2UxZi1iM2M3LTQ0M2EtODg1Ny03MDUyMDZjZGRiYzkifQ.eyJpYXQiOjE3MTM3OTI5MDIsImp0aSI6IjU4ODY4MzQzLTkzNjctNDhjZS05NzBiLTY3NjEwNDkwMmVhYiIsImlzcyI6Imh0dHBzOi8vYXV0aC5wZXJmZWN0b21vYmlsZS5jb20vYXV0aC9yZWFsbXMvaG5iLXBlcmZlY3RvbW9iaWxlLWNvbSIsImF1ZCI6Imh0dHBzOi8vYXV0aC5wZXJmZWN0b21vYmlsZS5jb20vYXV0aC9yZWFsbXMvaG5iLXBlcmZlY3RvbW9iaWxlLWNvbSIsInN1YiI6IjhkODcyZTk0LTYzMTQtNDY2My1hM2M1LTc5ZDRkNWZmYjQzNiIsInR5cCI6Ik9mZmxpbmUiLCJhenAiOiJvZmZsaW5lLXRva2VuLWdlbmVyYXRvciIsIm5vbmNlIjoiMDlhNzExYTAtMDU3My00NDE0LWJiNWItNDU5NGFmYWUyZjIxIiwic2Vzc2lvbl9zdGF0ZSI6ImNhZThlZDVlLTFjYTAtNGFmMi1iZWIxLWM2ZDVmZjZmMTdiYyIsInNjb3BlIjoib3BlbmlkIG9mZmxpbmVfYWNjZXNzIn0.PQN_fE2xc2meh7vWEuuIp1PBk_zUPn4jNRS5ULBkNkk, deviceName=R5CX20X2DRX}, platformName=ANDROID, appium:automationName=UIAutomator2, appium:appPackage=com.huntington.mbusinessonline.test}], desiredCapabilities=Capabilities {appium:appPackage: com.huntington.mbusinessonl..., appium:automationName: UIAutomator2, perfecto:options: {deviceName: R5CX20X2DRX, securityToken: eyJhbGciOiJIUzI1NiIsInR5cCI...}, platformName: ANDROID}}]
Capabilities {appium:appPackage: com.huntington.mbusinessonl..., appium:automationName: UIAutomator2, perfecto:options: {deviceName: R5CX20X2DRX, securityToken: eyJhbGciOiJIUzI1NiIsInR5cCI...}, platformName: ANDROID}
at org.openqa.selenium.remote.ProtocolHandshake.createSession(ProtocolHandshake.java:140)
at java.base/jdk.internal.reflect.NativeMethodAccessorImpl.invoke0(Native Method)
at java.base/jdk.internal.reflect.NativeMethodAccessorImpl.invoke(NativeMethodAccessorImpl.java:62)
at java.base/jdk.internal.reflect.DelegatingMethodAccessorImpl.invoke(DelegatingMethodAccessorImpl.java:43)
at java.base/java.lang.reflect.Method.invoke(Method.java:567)
at io.appium.java_client.remote.AppiumProtocolHandshake.createSession(AppiumProtocolHandshake.java:133)
at io.appium.java_client.remote.AppiumProtocolHandshake.createSession(AppiumProtocolHandshake.java:102)
at io.appium.java_client.remote.AppiumCommandExecutor.createSession(AppiumCommandExecutor.java:194)
at io.appium.java_client.remote.AppiumCommandExecutor.execute(AppiumCommandExecutor.java:262)
at org.openqa.selenium.remote.RemoteWebDriver.execute(RemoteWebDriver.java:602)
at io.appium.java_client.AppiumDriver.startSession(AppiumDriver.java:229)
at org.openqa.selenium.remote.RemoteWebDriver.<init>(RemoteWebDriver.java:163)
at io.appium.java_client.AppiumDriver.<init>(AppiumDriver.java:80)
at io.appium.java_client.AppiumDriver.<init>(AppiumDriver.java:92)
at io.appium.java_client.android.AndroidDriver.<init>(AndroidDriver.java:117)
at Allure.AllureDemoJAVA11.HNBLoginAndroid.setup(HNBLoginAndroid.java:39)
at java.base/jdk.internal.reflect.NativeMethodAccessorImpl.invoke0(Native Method)
at java.base/jdk.internal.reflect.NativeMethodAccessorImpl.invoke(NativeMethodAccessorImpl.java:62)
at java.base/jdk.internal.reflect.DelegatingMethodAccessorImpl.invoke(DelegatingMethodAccessorImpl.java:43)
at java.base/java.lang.reflect.Method.invoke(Method.java:567)
at org.testng.internal.invokers.MethodInvocationHelper.invokeMethod(MethodInvocationHelper.java:135)
at org.testng.internal.invokers.MethodInvocationHelper.invokeMethodConsideringTimeout(MethodInvocationHelper.java:65)
at org.testng.internal.invokers.ConfigInvoker.invokeConfigurationMethod(ConfigInvoker.java:381)
at org.testng.internal.invokers.ConfigInvoker.invokeConfigurations(ConfigInvoker.java:319)
at org.testng.TestRunner.invokeTestConfigurations(TestRunner.java:645)
at org.testng.TestRunner.beforeRun(TestRunner.java:634)
at org.testng.TestRunner.run(TestRunner.java:596)
at org.testng.SuiteRunner.runTest(SuiteRunner.java:429)
at org.testng.SuiteRunner.access$000(SuiteRunner.java:32)
at org.testng.SuiteRunner$SuiteWorker.run(SuiteRunner.java:467)
at org.testng.internal.thread.ThreadUtil.lambda$execute$0(ThreadUtil.java:58)
at java.base/java.util.concurrent.FutureTask.run(FutureTask.java:264)
at java.base/java.util.concurrent.ThreadPoolExecutor.runWorker(ThreadPoolExecutor.java:1128)
at java.base/java.util.concurrent.ThreadPoolExecutor$Worker.run(ThreadPoolExecutor.java:628)
at java.base/java.lang.Thread.run(Thread.java:835)
]]>
    </error>
  </testcase> <!-- setup -->
  <system-out/>
</testsuite> <!-- Allure.AllureDemoJAVA11.HNBLoginAndroid -->
