<?xml version="1.0" encoding="UTF-8"?>
<!-- Generated by org.testng.reporters.JUnitReportReporter -->
<testsuite hostname="agrewal1021" failures="0" tests="1" name="Allure.AllureDemoJAVA11.NewTest" time="0.141" errors="0" timestamp="10 Jul. 2024 18:57:17 GMT" skipped="0">
  <testcase classname="Allure.AllureDemoJAVA11.NewTest" name="f" time="0.141"/>
</testsuite> <!-- Allure.AllureDemoJAVA11.NewTest -->
